{
  "0 debug pnpm:scope": {
    "selected": 1,
    "workspacePrefix": "/Users/patrick/workspace/duet/duet-contracts"
  },
  "1 error pnpm": {
    "errno": 1,
    "code": "ELIFECYCLE",
    "pkgid": "duet_bond_farm@1.0.0",
    "stage": "build:client",
    "script": "ts-node scripts/build-for-client.ts",
    "pkgname": "duet_bond_farm",
    "err": {
      "name": "pnpm",
      "message": "duet_bond_farm@1.0.0 build:client: `ts-node scripts/build-for-client.ts`\nExit status 1",
      "code": "ELIFECYCLE",
      "stack": "pnpm: duet_bond_farm@1.0.0 build:client: `ts-node scripts/build-for-client.ts`\nExit status 1\n    at EventEmitter.<anonymous> (/Users/patrick/.config/yarn/global/node_modules/pnpm/dist/pnpm.cjs:107358:20)\n    at EventEmitter.emit (node:events:526:28)\n    at ChildProcess.<anonymous> (/Users/patrick/.config/yarn/global/node_modules/pnpm/dist/pnpm.cjs:93924:18)\n    at ChildProcess.emit (node:events:526:28)\n    at maybeClose (node:internal/child_process:1092:16)\n    at Process.ChildProcess._handle.onexit (node:internal/child_process:302:5)"
    }
  }
}